<?xml version="1.0" encoding="UTF-8"?>
<!-- Generated by org.testng.reporters.JUnitReportReporter -->
<testsuite hostname="din16001110.corp.capgemini.com" name="com.dcx.runner.Runner" tests="1" failures="0" timestamp="4 Jun 2019 09:25:10 GMT" time="126.428" errors="0">
  <testcase name="feature" time="126.428" classname="com.dcx.runner.Runner"/>
</testsuite> <!-- com.dcx.runner.Runner -->
