<?xml version="1.0" encoding="UTF-8"?>
<!-- Generated by org.testng.reporters.JUnitReportReporter -->
<testsuite hostname="LIN19000931" name="com.dcx.runner.Runner" tests="1" failures="0" timestamp="26 Jul 2018 05:05:15 GMT" time="246.020" errors="0">
  <testcase name="feature" time="246.020" classname="com.dcx.runner.Runner"/>
</testsuite> <!-- com.dcx.runner.Runner -->
